<?xml version="1.0" encoding="UTF-8"?>
<beans xmlns="http://www.springframework.org/schema/beans"
       xmlns:xsi="http://www.w3.org/2001/XMLSchema-instance"
       xsi:schemaLocation="http://www.springframework.org/schema/beans http://www.springframework.org/schema/beans/spring-beans.xsd">
    <bean
        id="storage"
        class="velykyi.vladyslav.MapStorage">
    </bean>

    <bean id="eventDao"
          class="velykyi.vladyslav.dao.EventDao">
        <constructor-arg ref="storage"/>
    </bean>

    <bean id="ticketDao"
          class="velykyi.vladyslav.dao.TicketDao">
        <constructor-arg ref="storage"/>
    </bean>

    <bean id="userDao"
          class="velykyi.vladyslav.dao.UserDao">
        <constructor-arg ref="storage"/>
    </bean>
</beans>